2024-12-07 22:29:48,320 - INFO - Starting EEBO-TCP import process
2024-12-07 22:29:48,320 - INFO - Starting to process directory: /Volumes/seagate_portable/eebo-tcp-texts/tcp
2024-12-07 22:30:17,487 - INFO - Found 61310 XML files to process
2024-12-07 22:30:19,905 - INFO - Processed 100/61310 files (0.2%)
2024-12-07 22:30:21,382 - INFO - Processed 200/61310 files (0.3%)
2024-12-07 22:30:24,283 - INFO - Processed 300/61310 files (0.5%)
2024-12-07 22:30:26,187 - INFO - Processed 400/61310 files (0.7%)
2024-12-07 22:30:27,866 - INFO - Processed 500/61310 files (0.8%)
2024-12-07 22:30:30,514 - INFO - Processed 600/61310 files (1.0%)
2024-12-07 22:30:32,456 - INFO - Processed 700/61310 files (1.1%)
2024-12-07 22:30:34,505 - INFO - Processed 800/61310 files (1.3%)
2024-12-07 22:30:36,575 - INFO - Processed 900/61310 files (1.5%)
2024-12-07 22:30:38,554 - INFO - Processed 1000/61310 files (1.6%)
2024-12-07 22:30:39,994 - INFO - Processed 1100/61310 files (1.8%)
2024-12-07 22:30:41,294 - INFO - Processed 1200/61310 files (2.0%)
2024-12-07 22:30:42,746 - INFO - Processed 1300/61310 files (2.1%)
2024-12-07 22:30:44,478 - INFO - Processed 1400/61310 files (2.3%)
2024-12-07 22:30:46,441 - INFO - Processed 1500/61310 files (2.4%)
2024-12-07 22:30:47,936 - INFO - Processed 1600/61310 files (2.6%)
2024-12-07 22:30:48,904 - INFO - Processed 1700/61310 files (2.8%)
2024-12-07 22:30:50,380 - INFO - Processed 1800/61310 files (2.9%)
2024-12-07 22:30:56,499 - INFO - Processed 1900/61310 files (3.1%)
2024-12-07 22:30:59,695 - INFO - Processed 2000/61310 files (3.3%)
2024-12-07 22:31:01,483 - INFO - Processed 2100/61310 files (3.4%)
2024-12-07 22:31:03,804 - INFO - Processed 2200/61310 files (3.6%)
2024-12-07 22:31:05,086 - INFO - Processed 2300/61310 files (3.8%)
2024-12-07 22:31:07,124 - INFO - Processed 2400/61310 files (3.9%)
2024-12-07 22:31:07,799 - INFO - Processed 2500/61310 files (4.1%)
2024-12-07 22:31:09,894 - INFO - Processed 2600/61310 files (4.2%)
2024-12-07 22:31:10,993 - INFO - Processed 2700/61310 files (4.4%)
2024-12-07 22:31:12,517 - INFO - Processed 2800/61310 files (4.6%)
2024-12-07 22:31:14,107 - INFO - Processed 2900/61310 files (4.7%)
2024-12-07 22:31:15,764 - INFO - Processed 3000/61310 files (4.9%)
2024-12-07 22:31:17,780 - INFO - Processed 3100/61310 files (5.1%)
2024-12-07 22:31:19,724 - INFO - Processed 3200/61310 files (5.2%)
2024-12-07 22:31:21,834 - INFO - Processed 3300/61310 files (5.4%)
2024-12-07 22:31:26,533 - INFO - Processed 3400/61310 files (5.5%)
2024-12-07 22:31:27,938 - INFO - Processed 3500/61310 files (5.7%)
2024-12-07 22:31:30,695 - INFO - Processed 3600/61310 files (5.9%)
2024-12-07 22:31:32,333 - INFO - Processed 3700/61310 files (6.0%)
2024-12-07 22:31:34,307 - INFO - Processed 3800/61310 files (6.2%)
2024-12-07 22:31:36,267 - INFO - Processed 3900/61310 files (6.4%)
2024-12-07 22:31:37,523 - INFO - Processed 4000/61310 files (6.5%)
2024-12-07 22:31:39,245 - INFO - Processed 4100/61310 files (6.7%)
2024-12-07 22:31:41,318 - INFO - Processed 4200/61310 files (6.9%)
2024-12-07 22:31:43,226 - INFO - Processed 4300/61310 files (7.0%)
2024-12-07 22:31:45,960 - INFO - Processed 4400/61310 files (7.2%)
2024-12-07 22:31:48,337 - INFO - Processed 4500/61310 files (7.3%)
2024-12-07 22:31:50,314 - INFO - Processed 4600/61310 files (7.5%)
2024-12-07 22:31:57,345 - INFO - Processed 4700/61310 files (7.7%)
2024-12-07 22:32:01,375 - INFO - Processed 4800/61310 files (7.8%)
2024-12-07 22:32:02,758 - INFO - Processed 4900/61310 files (8.0%)
2024-12-07 22:32:04,896 - INFO - Processed 5000/61310 files (8.2%)
2024-12-07 22:32:06,527 - INFO - Processed 5100/61310 files (8.3%)
2024-12-07 22:32:08,177 - INFO - Processed 5200/61310 files (8.5%)
2024-12-07 22:32:09,942 - INFO - Processed 5300/61310 files (8.6%)
2024-12-07 22:32:12,218 - INFO - Processed 5400/61310 files (8.8%)
2024-12-07 22:32:13,540 - INFO - Processed 5500/61310 files (9.0%)
2024-12-07 22:32:15,125 - INFO - Processed 5600/61310 files (9.1%)
2024-12-07 22:32:17,028 - INFO - Processed 5700/61310 files (9.3%)
2024-12-07 22:32:18,530 - INFO - Processed 5800/61310 files (9.5%)
2024-12-07 22:32:20,622 - INFO - Processed 5900/61310 files (9.6%)
2024-12-07 22:32:27,068 - INFO - Processed 6000/61310 files (9.8%)
2024-12-07 22:32:29,639 - INFO - Processed 6100/61310 files (9.9%)
2024-12-07 22:32:31,948 - INFO - Processed 6200/61310 files (10.1%)
2024-12-07 22:32:35,428 - INFO - Processed 6300/61310 files (10.3%)
2024-12-07 22:32:36,919 - INFO - Processed 6400/61310 files (10.4%)
2024-12-07 22:32:39,818 - INFO - Processed 6500/61310 files (10.6%)
2024-12-07 22:32:41,634 - INFO - Processed 6600/61310 files (10.8%)
2024-12-07 22:32:44,681 - INFO - Processed 6700/61310 files (10.9%)
2024-12-07 22:32:46,645 - INFO - Processed 6800/61310 files (11.1%)
2024-12-07 22:32:48,086 - INFO - Processed 6900/61310 files (11.3%)
2024-12-07 22:32:49,710 - INFO - Processed 7000/61310 files (11.4%)
2024-12-07 22:32:54,114 - INFO - Processed 7100/61310 files (11.6%)
2024-12-07 22:32:57,938 - INFO - Processed 7200/61310 files (11.7%)
2024-12-07 22:32:59,549 - INFO - Processed 7300/61310 files (11.9%)
2024-12-07 22:33:02,263 - INFO - Processed 7400/61310 files (12.1%)
2024-12-07 22:33:03,480 - INFO - Processed 7500/61310 files (12.2%)
2024-12-07 22:33:04,881 - INFO - Processed 7600/61310 files (12.4%)
2024-12-07 22:33:07,191 - INFO - Processed 7700/61310 files (12.6%)
2024-12-07 22:33:09,997 - INFO - Processed 7800/61310 files (12.7%)
2024-12-07 22:33:11,408 - INFO - Processed 7900/61310 files (12.9%)
2024-12-07 22:33:13,702 - INFO - Processed 8000/61310 files (13.0%)
2024-12-07 22:33:15,598 - INFO - Processed 8100/61310 files (13.2%)
2024-12-07 22:33:17,981 - INFO - Processed 8200/61310 files (13.4%)
2024-12-07 22:33:19,209 - INFO - Processed 8300/61310 files (13.5%)
2024-12-07 22:33:20,469 - INFO - Processed 8400/61310 files (13.7%)
2024-12-07 22:33:28,127 - INFO - Processed 8500/61310 files (13.9%)
2024-12-07 22:33:30,334 - INFO - Processed 8600/61310 files (14.0%)
2024-12-07 22:33:32,706 - INFO - Processed 8700/61310 files (14.2%)
2024-12-07 22:33:34,096 - INFO - Processed 8800/61310 files (14.4%)
2024-12-07 22:33:34,554 - INFO - Processed 8900/61310 files (14.5%)
2024-12-07 22:33:35,015 - INFO - Processed 9000/61310 files (14.7%)
2024-12-07 22:33:36,147 - INFO - Processed 9100/61310 files (14.8%)
2024-12-07 22:33:36,833 - INFO - Processed 9200/61310 files (15.0%)
2024-12-07 22:33:39,673 - INFO - Processed 9300/61310 files (15.2%)
2024-12-07 22:33:41,446 - INFO - Processed 9400/61310 files (15.3%)
2024-12-07 22:33:42,417 - INFO - Processed 9500/61310 files (15.5%)
2024-12-07 22:33:43,861 - INFO - Processed 9600/61310 files (15.7%)
2024-12-07 22:33:45,478 - INFO - Processed 9700/61310 files (15.8%)
2024-12-07 22:33:46,247 - INFO - Processed 9800/61310 files (16.0%)
2024-12-07 22:33:47,257 - INFO - Processed 9900/61310 files (16.1%)
2024-12-07 22:33:48,892 - INFO - Processed 10000/61310 files (16.3%)
2024-12-07 22:33:49,948 - INFO - Processed 10100/61310 files (16.5%)
2024-12-07 22:33:51,228 - INFO - Processed 10200/61310 files (16.6%)
2024-12-07 22:33:55,558 - INFO - Processed 10300/61310 files (16.8%)
2024-12-07 22:34:00,119 - INFO - Processed 10400/61310 files (17.0%)
2024-12-07 22:34:02,339 - INFO - Processed 10500/61310 files (17.1%)
2024-12-07 22:34:04,290 - INFO - Processed 10600/61310 files (17.3%)
2024-12-07 22:34:06,642 - INFO - Processed 10700/61310 files (17.5%)
2024-12-07 22:34:08,296 - INFO - Processed 10800/61310 files (17.6%)
2024-12-07 22:34:11,601 - INFO - Processed 10900/61310 files (17.8%)
2024-12-07 22:34:12,948 - INFO - Processed 11000/61310 files (17.9%)
2024-12-07 22:34:15,275 - INFO - Processed 11100/61310 files (18.1%)
2024-12-07 22:34:17,035 - INFO - Processed 11200/61310 files (18.3%)
2024-12-07 22:34:18,310 - INFO - Processed 11300/61310 files (18.4%)
2024-12-07 22:34:19,303 - INFO - Processed 11400/61310 files (18.6%)
2024-12-07 22:34:20,225 - INFO - Processed 11500/61310 files (18.8%)
2024-12-07 22:34:26,387 - INFO - Processed 11600/61310 files (18.9%)
2024-12-07 22:34:28,013 - INFO - Processed 11700/61310 files (19.1%)
2024-12-07 22:34:29,420 - INFO - Processed 11800/61310 files (19.2%)
2024-12-07 22:34:32,275 - INFO - Processed 11900/61310 files (19.4%)
2024-12-07 22:34:33,644 - INFO - Processed 12000/61310 files (19.6%)
2024-12-07 22:34:35,475 - INFO - Processed 12100/61310 files (19.7%)
2024-12-07 22:34:36,923 - INFO - Processed 12200/61310 files (19.9%)
2024-12-07 22:34:39,177 - INFO - Processed 12300/61310 files (20.1%)
2024-12-07 22:34:40,378 - INFO - Processed 12400/61310 files (20.2%)
2024-12-07 22:34:41,625 - INFO - Processed 12500/61310 files (20.4%)
2024-12-07 22:34:43,874 - INFO - Processed 12600/61310 files (20.6%)
2024-12-07 22:34:45,095 - INFO - Processed 12700/61310 files (20.7%)
2024-12-07 22:34:45,798 - INFO - Processed 12800/61310 files (20.9%)
2024-12-07 22:34:46,241 - INFO - Processed 12900/61310 files (21.0%)
2024-12-07 22:34:46,386 - INFO - Processed 13000/61310 files (21.2%)
2024-12-07 22:34:47,594 - INFO - Processed 13100/61310 files (21.4%)
2024-12-07 22:34:48,775 - INFO - Processed 13200/61310 files (21.5%)
2024-12-07 22:34:49,652 - INFO - Processed 13300/61310 files (21.7%)
2024-12-07 22:34:52,099 - INFO - Processed 13400/61310 files (21.9%)
2024-12-07 22:35:00,336 - INFO - Processed 13500/61310 files (22.0%)
2024-12-07 22:35:01,467 - INFO - Processed 13600/61310 files (22.2%)
2024-12-07 22:35:03,179 - INFO - Processed 13700/61310 files (22.3%)
2024-12-07 22:35:04,385 - INFO - Processed 13800/61310 files (22.5%)
2024-12-07 22:35:05,225 - INFO - Processed 13900/61310 files (22.7%)
2024-12-07 22:35:07,255 - INFO - Processed 14000/61310 files (22.8%)
2024-12-07 22:35:09,231 - INFO - Processed 14100/61310 files (23.0%)
2024-12-07 22:35:10,645 - INFO - Processed 14200/61310 files (23.2%)
2024-12-07 22:35:12,327 - INFO - Processed 14300/61310 files (23.3%)
2024-12-07 22:35:13,969 - INFO - Processed 14400/61310 files (23.5%)
2024-12-07 22:35:14,888 - INFO - Processed 14500/61310 files (23.7%)
2024-12-07 22:35:18,135 - INFO - Processed 14600/61310 files (23.8%)
2024-12-07 22:35:19,534 - INFO - Processed 14700/61310 files (24.0%)
2024-12-07 22:35:20,991 - INFO - Processed 14800/61310 files (24.1%)
2024-12-07 22:35:24,583 - INFO - Processed 14900/61310 files (24.3%)
2024-12-07 22:35:29,741 - INFO - Processed 15000/61310 files (24.5%)
2024-12-07 22:35:31,184 - INFO - Processed 15100/61310 files (24.6%)
2024-12-07 22:35:32,452 - INFO - Processed 15200/61310 files (24.8%)
2024-12-07 22:35:34,751 - INFO - Processed 15300/61310 files (25.0%)
2024-12-07 22:35:35,598 - INFO - Processed 15400/61310 files (25.1%)
2024-12-07 22:35:36,600 - INFO - Processed 15500/61310 files (25.3%)
2024-12-07 22:35:37,460 - INFO - Processed 15600/61310 files (25.4%)
2024-12-07 22:35:38,901 - INFO - Processed 15700/61310 files (25.6%)
2024-12-07 22:35:39,718 - INFO - Processed 15800/61310 files (25.8%)
2024-12-07 22:35:40,370 - INFO - Processed 15900/61310 files (25.9%)
2024-12-07 22:35:41,097 - INFO - Processed 16000/61310 files (26.1%)
2024-12-07 22:35:41,866 - INFO - Processed 16100/61310 files (26.3%)
2024-12-07 22:35:43,085 - INFO - Processed 16200/61310 files (26.4%)
2024-12-07 22:35:44,550 - INFO - Processed 16300/61310 files (26.6%)
2024-12-07 22:35:45,797 - INFO - Processed 16400/61310 files (26.7%)
2024-12-07 22:35:46,927 - INFO - Processed 16500/61310 files (26.9%)
2024-12-07 22:35:47,867 - INFO - Processed 16600/61310 files (27.1%)
2024-12-07 22:35:49,733 - INFO - Processed 16700/61310 files (27.2%)
2024-12-07 22:35:50,910 - INFO - Processed 16800/61310 files (27.4%)
2024-12-07 22:35:55,567 - INFO - Processed 16900/61310 files (27.6%)
2024-12-07 22:36:01,086 - INFO - Processed 17000/61310 files (27.7%)
2024-12-07 22:36:02,584 - INFO - Processed 17100/61310 files (27.9%)
2024-12-07 22:36:04,259 - INFO - Processed 17200/61310 files (28.1%)
2024-12-07 22:36:06,257 - INFO - Processed 17300/61310 files (28.2%)
2024-12-07 22:36:07,217 - INFO - Processed 17400/61310 files (28.4%)
2024-12-07 22:36:08,654 - INFO - Processed 17500/61310 files (28.5%)
2024-12-07 22:36:10,482 - INFO - Processed 17600/61310 files (28.7%)
2024-12-07 22:36:12,077 - INFO - Processed 17700/61310 files (28.9%)
2024-12-07 22:36:14,591 - INFO - Processed 17800/61310 files (29.0%)
2024-12-07 22:36:15,849 - INFO - Processed 17900/61310 files (29.2%)
2024-12-07 22:36:17,471 - INFO - Processed 18000/61310 files (29.4%)
2024-12-07 22:36:19,592 - INFO - Processed 18100/61310 files (29.5%)
2024-12-07 22:36:20,823 - INFO - Processed 18200/61310 files (29.7%)
2024-12-07 22:36:22,942 - INFO - Processed 18300/61310 files (29.8%)
2024-12-07 22:36:27,552 - INFO - Processed 18400/61310 files (30.0%)
2024-12-07 22:36:28,971 - INFO - Processed 18500/61310 files (30.2%)
2024-12-07 22:36:30,271 - INFO - Processed 18600/61310 files (30.3%)
2024-12-07 22:36:31,643 - INFO - Processed 18700/61310 files (30.5%)
2024-12-07 22:36:33,071 - INFO - Processed 18800/61310 files (30.7%)
2024-12-07 22:36:36,002 - INFO - Processed 18900/61310 files (30.8%)
2024-12-07 22:36:37,213 - INFO - Processed 19000/61310 files (31.0%)
2024-12-07 22:36:38,223 - INFO - Processed 19100/61310 files (31.2%)
2024-12-07 22:36:39,190 - INFO - Processed 19200/61310 files (31.3%)
2024-12-07 22:36:39,532 - INFO - Processed 19300/61310 files (31.5%)
2024-12-07 22:36:40,172 - INFO - Processed 19400/61310 files (31.6%)
2024-12-07 22:36:41,105 - INFO - Processed 19500/61310 files (31.8%)
2024-12-07 22:36:41,608 - INFO - Processed 19600/61310 files (32.0%)
2024-12-07 22:36:43,015 - INFO - Processed 19700/61310 files (32.1%)
2024-12-07 22:36:44,479 - INFO - Processed 19800/61310 files (32.3%)
2024-12-07 22:36:45,246 - INFO - Processed 19900/61310 files (32.5%)
2024-12-07 22:36:46,567 - INFO - Processed 20000/61310 files (32.6%)
2024-12-07 22:36:48,238 - INFO - Processed 20100/61310 files (32.8%)
2024-12-07 22:36:49,788 - INFO - Processed 20200/61310 files (32.9%)
2024-12-07 22:36:50,553 - INFO - Processed 20300/61310 files (33.1%)
2024-12-07 22:36:51,735 - INFO - Processed 20400/61310 files (33.3%)
2024-12-07 22:36:59,016 - INFO - Processed 20500/61310 files (33.4%)
2024-12-07 22:37:00,317 - INFO - Processed 20600/61310 files (33.6%)
2024-12-07 22:37:01,178 - INFO - Processed 20700/61310 files (33.8%)
2024-12-07 22:37:02,482 - INFO - Processed 20800/61310 files (33.9%)
2024-12-07 22:37:03,914 - INFO - Processed 20900/61310 files (34.1%)
2024-12-07 22:37:05,090 - INFO - Processed 21000/61310 files (34.3%)
2024-12-07 22:37:06,971 - INFO - Processed 21100/61310 files (34.4%)
2024-12-07 22:37:09,840 - INFO - Processed 21200/61310 files (34.6%)
2024-12-07 22:37:11,059 - INFO - Processed 21300/61310 files (34.7%)
2024-12-07 22:37:12,987 - INFO - Processed 21400/61310 files (34.9%)
2024-12-07 22:37:14,182 - INFO - Processed 21500/61310 files (35.1%)
2024-12-07 22:37:16,224 - INFO - Processed 21600/61310 files (35.2%)
2024-12-07 22:37:17,506 - INFO - Processed 21700/61310 files (35.4%)
2024-12-07 22:37:19,840 - INFO - Processed 21800/61310 files (35.6%)
2024-12-07 22:37:21,106 - INFO - Processed 21900/61310 files (35.7%)
2024-12-07 22:37:24,957 - INFO - Processed 22000/61310 files (35.9%)
2024-12-07 22:37:28,637 - INFO - Processed 22100/61310 files (36.0%)
2024-12-07 22:37:29,191 - INFO - Processed 22200/61310 files (36.2%)
2024-12-07 22:37:30,601 - INFO - Processed 22300/61310 files (36.4%)
2024-12-07 22:37:33,270 - INFO - Processed 22400/61310 files (36.5%)
2024-12-07 22:37:34,663 - INFO - Processed 22500/61310 files (36.7%)
2024-12-07 22:37:35,751 - INFO - Processed 22600/61310 files (36.9%)
2024-12-07 22:37:36,446 - INFO - Processed 22700/61310 files (37.0%)
2024-12-07 22:37:37,550 - INFO - Processed 22800/61310 files (37.2%)
2024-12-07 22:37:39,861 - INFO - Processed 22900/61310 files (37.4%)
2024-12-07 22:37:41,310 - INFO - Processed 23000/61310 files (37.5%)
2024-12-07 22:37:42,361 - INFO - Processed 23100/61310 files (37.7%)
2024-12-07 22:37:44,573 - INFO - Processed 23200/61310 files (37.8%)
2024-12-07 22:37:45,894 - INFO - Processed 23300/61310 files (38.0%)
2024-12-07 22:37:47,576 - INFO - Processed 23400/61310 files (38.2%)
2024-12-07 22:37:48,984 - INFO - Processed 23500/61310 files (38.3%)
2024-12-07 22:37:50,547 - INFO - Processed 23600/61310 files (38.5%)
2024-12-07 22:37:51,743 - INFO - Processed 23700/61310 files (38.7%)
2024-12-07 22:37:57,673 - INFO - Processed 23800/61310 files (38.8%)
2024-12-07 22:37:59,202 - INFO - Processed 23900/61310 files (39.0%)
2024-12-07 22:38:01,518 - INFO - Processed 24000/61310 files (39.1%)
2024-12-07 22:38:03,560 - INFO - Processed 24100/61310 files (39.3%)
2024-12-07 22:38:04,584 - INFO - Processed 24200/61310 files (39.5%)
2024-12-07 22:38:05,541 - INFO - Processed 24300/61310 files (39.6%)
2024-12-07 22:38:07,495 - INFO - Processed 24400/61310 files (39.8%)
2024-12-07 22:38:08,952 - INFO - Processed 24500/61310 files (40.0%)
2024-12-07 22:38:09,951 - INFO - Processed 24600/61310 files (40.1%)
2024-12-07 22:38:11,081 - INFO - Processed 24700/61310 files (40.3%)
2024-12-07 22:38:12,562 - INFO - Processed 24800/61310 files (40.5%)
2024-12-07 22:38:13,881 - INFO - Processed 24900/61310 files (40.6%)
2024-12-07 22:38:15,271 - INFO - Processed 25000/61310 files (40.8%)
2024-12-07 22:38:17,383 - INFO - Processed 25100/61310 files (40.9%)
2024-12-07 22:38:18,785 - INFO - Processed 25200/61310 files (41.1%)
2024-12-07 22:38:20,354 - INFO - Processed 25300/61310 files (41.3%)
2024-12-07 22:38:22,997 - INFO - Processed 25400/61310 files (41.4%)
2024-12-07 22:38:28,747 - INFO - Processed 25500/61310 files (41.6%)
2024-12-07 22:38:30,256 - INFO - Processed 25600/61310 files (41.8%)
2024-12-07 22:38:30,667 - INFO - Processed 25700/61310 files (41.9%)
2024-12-07 22:38:31,949 - INFO - Processed 25800/61310 files (42.1%)
2024-12-07 22:38:33,009 - INFO - Processed 25900/61310 files (42.2%)
2024-12-07 22:38:33,911 - INFO - Processed 26000/61310 files (42.4%)
2024-12-07 22:38:34,800 - INFO - Processed 26100/61310 files (42.6%)
2024-12-07 22:38:36,815 - INFO - Processed 26200/61310 files (42.7%)
2024-12-07 22:38:37,877 - INFO - Processed 26300/61310 files (42.9%)
2024-12-07 22:38:39,522 - INFO - Processed 26400/61310 files (43.1%)
2024-12-07 22:38:41,115 - INFO - Processed 26500/61310 files (43.2%)
2024-12-07 22:38:42,533 - INFO - Processed 26600/61310 files (43.4%)
2024-12-07 22:38:44,028 - INFO - Processed 26700/61310 files (43.5%)
2024-12-07 22:38:45,613 - INFO - Processed 26800/61310 files (43.7%)
2024-12-07 22:38:47,355 - INFO - Processed 26900/61310 files (43.9%)
2024-12-07 22:38:48,426 - INFO - Processed 27000/61310 files (44.0%)
2024-12-07 22:38:50,347 - INFO - Processed 27100/61310 files (44.2%)
2024-12-07 22:38:51,206 - INFO - Processed 27200/61310 files (44.4%)
2024-12-07 22:38:53,798 - INFO - Processed 27300/61310 files (44.5%)
2024-12-07 22:38:59,074 - INFO - Processed 27400/61310 files (44.7%)
2024-12-07 22:39:00,357 - INFO - Processed 27500/61310 files (44.9%)
2024-12-07 22:39:02,227 - INFO - Processed 27600/61310 files (45.0%)
2024-12-07 22:39:03,005 - INFO - Processed 27700/61310 files (45.2%)
2024-12-07 22:39:03,836 - INFO - Processed 27800/61310 files (45.3%)
2024-12-07 22:39:05,273 - INFO - Processed 27900/61310 files (45.5%)
2024-12-07 22:39:07,331 - INFO - Processed 28000/61310 files (45.7%)
2024-12-07 22:39:10,900 - INFO - Processed 28100/61310 files (45.8%)
2024-12-07 22:39:12,122 - INFO - Processed 28200/61310 files (46.0%)
2024-12-07 22:39:14,711 - INFO - Processed 28300/61310 files (46.2%)
2024-12-07 22:39:16,191 - INFO - Processed 28400/61310 files (46.3%)
2024-12-07 22:39:17,292 - INFO - Processed 28500/61310 files (46.5%)
2024-12-07 22:39:18,798 - INFO - Processed 28600/61310 files (46.6%)
2024-12-07 22:39:19,909 - INFO - Processed 28700/61310 files (46.8%)
2024-12-07 22:39:21,733 - INFO - Processed 28800/61310 files (47.0%)
2024-12-07 22:39:28,289 - INFO - Processed 28900/61310 files (47.1%)
2024-12-07 22:39:31,149 - INFO - Processed 29000/61310 files (47.3%)
2024-12-07 22:39:32,830 - INFO - Processed 29100/61310 files (47.5%)
2024-12-07 22:39:33,832 - INFO - Processed 29200/61310 files (47.6%)
2024-12-07 22:39:34,089 - INFO - Processed 29300/61310 files (47.8%)
2024-12-07 22:39:35,342 - INFO - Processed 29400/61310 files (48.0%)
2024-12-07 22:39:36,132 - INFO - Processed 29500/61310 files (48.1%)
2024-12-07 22:39:37,693 - INFO - Processed 29600/61310 files (48.3%)
2024-12-07 22:39:39,259 - INFO - Processed 29700/61310 files (48.4%)
2024-12-07 22:39:40,634 - INFO - Processed 29800/61310 files (48.6%)
2024-12-07 22:39:41,712 - INFO - Processed 29900/61310 files (48.8%)
2024-12-07 22:39:42,025 - INFO - Processed 30000/61310 files (48.9%)
2024-12-07 22:39:42,585 - INFO - Processed 30100/61310 files (49.1%)
2024-12-07 22:39:43,027 - INFO - Processed 30200/61310 files (49.3%)
2024-12-07 22:39:43,876 - INFO - Processed 30300/61310 files (49.4%)
2024-12-07 22:39:44,812 - INFO - Processed 30400/61310 files (49.6%)
2024-12-07 22:39:48,069 - INFO - Processed 30500/61310 files (49.7%)
2024-12-07 22:39:49,121 - INFO - Processed 30600/61310 files (49.9%)
2024-12-07 22:39:49,777 - INFO - Processed 30700/61310 files (50.1%)
2024-12-07 22:39:50,788 - INFO - Processed 30800/61310 files (50.2%)
2024-12-07 22:39:52,976 - INFO - Processed 30900/61310 files (50.4%)
2024-12-07 22:39:55,333 - INFO - Processed 31000/61310 files (50.6%)
2024-12-07 22:39:58,114 - INFO - Processed 31100/61310 files (50.7%)
2024-12-07 22:39:58,498 - INFO - Processed 31200/61310 files (50.9%)
2024-12-07 22:39:58,916 - INFO - Processed 31300/61310 files (51.1%)
2024-12-07 22:39:59,558 - INFO - Processed 31400/61310 files (51.2%)
2024-12-07 22:40:00,642 - INFO - Processed 31500/61310 files (51.4%)
2024-12-07 22:40:02,815 - INFO - Processed 31600/61310 files (51.5%)
2024-12-07 22:40:03,959 - INFO - Processed 31700/61310 files (51.7%)
2024-12-07 22:40:05,166 - INFO - Processed 31800/61310 files (51.9%)
2024-12-07 22:40:06,454 - INFO - Processed 31900/61310 files (52.0%)
2024-12-07 22:40:07,545 - INFO - Processed 32000/61310 files (52.2%)
2024-12-07 22:40:08,806 - INFO - Processed 32100/61310 files (52.4%)
2024-12-07 22:40:10,094 - INFO - Processed 32200/61310 files (52.5%)
2024-12-07 22:40:12,044 - INFO - Processed 32300/61310 files (52.7%)
2024-12-07 22:40:13,116 - INFO - Processed 32400/61310 files (52.8%)
2024-12-07 22:40:13,990 - INFO - Processed 32500/61310 files (53.0%)
2024-12-07 22:40:14,817 - INFO - Processed 32600/61310 files (53.2%)
2024-12-07 22:40:15,794 - INFO - Processed 32700/61310 files (53.3%)
2024-12-07 22:40:17,807 - INFO - Processed 32800/61310 files (53.5%)
2024-12-07 22:40:19,231 - INFO - Processed 32900/61310 files (53.7%)
2024-12-07 22:40:20,029 - INFO - Processed 33000/61310 files (53.8%)
2024-12-07 22:40:20,979 - INFO - Processed 33100/61310 files (54.0%)
2024-12-07 22:40:24,925 - INFO - Processed 33200/61310 files (54.2%)
2024-12-07 22:40:29,179 - INFO - Processed 33300/61310 files (54.3%)
2024-12-07 22:40:29,963 - INFO - Processed 33400/61310 files (54.5%)
2024-12-07 22:40:30,734 - INFO - Processed 33500/61310 files (54.6%)
2024-12-07 22:40:32,369 - INFO - Processed 33600/61310 files (54.8%)
2024-12-07 22:40:33,211 - INFO - Processed 33700/61310 files (55.0%)
2024-12-07 22:40:34,759 - INFO - Processed 33800/61310 files (55.1%)
2024-12-07 22:40:35,891 - INFO - Processed 33900/61310 files (55.3%)
2024-12-07 22:40:36,952 - INFO - Processed 34000/61310 files (55.5%)
2024-12-07 22:40:37,712 - INFO - Processed 34100/61310 files (55.6%)
2024-12-07 22:40:38,174 - INFO - Processed 34200/61310 files (55.8%)
2024-12-07 22:40:38,721 - INFO - Processed 34300/61310 files (55.9%)
2024-12-07 22:40:40,043 - INFO - Processed 34400/61310 files (56.1%)
2024-12-07 22:40:41,526 - INFO - Processed 34500/61310 files (56.3%)
2024-12-07 22:40:42,765 - INFO - Processed 34600/61310 files (56.4%)
2024-12-07 22:40:44,000 - INFO - Processed 34700/61310 files (56.6%)
2024-12-07 22:40:45,544 - INFO - Processed 34800/61310 files (56.8%)
2024-12-07 22:40:47,081 - INFO - Processed 34900/61310 files (56.9%)
2024-12-07 22:40:48,381 - INFO - Processed 35000/61310 files (57.1%)
2024-12-07 22:40:49,130 - INFO - Processed 35100/61310 files (57.3%)
2024-12-07 22:40:50,107 - INFO - Processed 35200/61310 files (57.4%)
2024-12-07 22:40:50,672 - INFO - Processed 35300/61310 files (57.6%)
2024-12-07 22:40:51,326 - INFO - Processed 35400/61310 files (57.7%)
2024-12-07 22:40:53,163 - INFO - Processed 35500/61310 files (57.9%)
2024-12-07 22:40:54,783 - INFO - Processed 35600/61310 files (58.1%)
2024-12-07 22:40:56,332 - INFO - Processed 35700/61310 files (58.2%)
2024-12-07 22:40:58,464 - INFO - Processed 35800/61310 files (58.4%)
2024-12-07 22:40:58,916 - INFO - Processed 35900/61310 files (58.6%)
2024-12-07 22:40:59,715 - INFO - Processed 36000/61310 files (58.7%)
2024-12-07 22:41:00,030 - INFO - Processed 36100/61310 files (58.9%)
2024-12-07 22:41:00,552 - INFO - Processed 36200/61310 files (59.0%)
2024-12-07 22:41:00,780 - INFO - Processed 36300/61310 files (59.2%)
2024-12-07 22:41:01,077 - INFO - Processed 36400/61310 files (59.4%)
2024-12-07 22:41:01,641 - INFO - Processed 36500/61310 files (59.5%)
2024-12-07 22:41:02,160 - INFO - Processed 36600/61310 files (59.7%)
2024-12-07 22:41:02,538 - INFO - Processed 36700/61310 files (59.9%)
2024-12-07 22:41:03,072 - INFO - Processed 36800/61310 files (60.0%)
2024-12-07 22:41:04,281 - INFO - Processed 36900/61310 files (60.2%)
2024-12-07 22:41:05,570 - INFO - Processed 37000/61310 files (60.3%)
2024-12-07 22:41:06,140 - INFO - Processed 37100/61310 files (60.5%)
2024-12-07 22:41:06,485 - INFO - Processed 37200/61310 files (60.7%)
2024-12-07 22:41:07,206 - INFO - Processed 37300/61310 files (60.8%)
2024-12-07 22:41:08,238 - INFO - Processed 37400/61310 files (61.0%)
2024-12-07 22:41:09,140 - INFO - Processed 37500/61310 files (61.2%)
2024-12-07 22:41:09,896 - INFO - Processed 37600/61310 files (61.3%)
2024-12-07 22:41:11,201 - INFO - Processed 37700/61310 files (61.5%)
2024-12-07 22:41:12,045 - INFO - Processed 37800/61310 files (61.7%)
2024-12-07 22:41:12,638 - INFO - Processed 37900/61310 files (61.8%)
2024-12-07 22:41:13,215 - INFO - Processed 38000/61310 files (62.0%)
2024-12-07 22:41:13,997 - INFO - Processed 38100/61310 files (62.1%)
2024-12-07 22:41:14,778 - INFO - Processed 38200/61310 files (62.3%)
2024-12-07 22:41:15,558 - INFO - Processed 38300/61310 files (62.5%)
2024-12-07 22:41:16,300 - INFO - Processed 38400/61310 files (62.6%)
2024-12-07 22:41:16,919 - INFO - Processed 38500/61310 files (62.8%)
2024-12-07 22:41:18,358 - INFO - Processed 38600/61310 files (63.0%)
2024-12-07 22:41:19,346 - INFO - Processed 38700/61310 files (63.1%)
2024-12-07 22:41:20,474 - INFO - Processed 38800/61310 files (63.3%)
2024-12-07 22:41:23,700 - INFO - Processed 38900/61310 files (63.4%)
2024-12-07 22:41:32,618 - INFO - Processed 39000/61310 files (63.6%)
2024-12-07 22:41:34,050 - INFO - Processed 39100/61310 files (63.8%)
2024-12-07 22:41:37,138 - INFO - Processed 39200/61310 files (63.9%)
2024-12-07 22:41:39,027 - INFO - Processed 39300/61310 files (64.1%)
2024-12-07 22:41:41,076 - INFO - Processed 39400/61310 files (64.3%)
2024-12-07 22:41:42,849 - INFO - Processed 39500/61310 files (64.4%)
2024-12-07 22:41:45,719 - INFO - Processed 39600/61310 files (64.6%)
2024-12-07 22:41:47,262 - INFO - Processed 39700/61310 files (64.8%)
2024-12-07 22:41:49,118 - INFO - Processed 39800/61310 files (64.9%)
2024-12-07 22:41:50,622 - INFO - Processed 39900/61310 files (65.1%)
2024-12-07 22:41:51,986 - INFO - Processed 40000/61310 files (65.2%)
2024-12-07 22:41:54,742 - INFO - Processed 40100/61310 files (65.4%)
2024-12-07 22:41:56,767 - INFO - Processed 40200/61310 files (65.6%)
2024-12-07 22:41:58,240 - INFO - Processed 40300/61310 files (65.7%)
2024-12-07 22:42:00,538 - INFO - Processed 40400/61310 files (65.9%)
2024-12-07 22:42:01,694 - INFO - Processed 40500/61310 files (66.1%)
2024-12-07 22:42:02,943 - INFO - Processed 40600/61310 files (66.2%)
2024-12-07 22:42:04,136 - INFO - Processed 40700/61310 files (66.4%)
2024-12-07 22:42:05,860 - INFO - Processed 40800/61310 files (66.5%)
2024-12-07 22:42:08,231 - INFO - Processed 40900/61310 files (66.7%)
2024-12-07 22:42:09,416 - INFO - Processed 41000/61310 files (66.9%)
2024-12-07 22:42:10,725 - INFO - Processed 41100/61310 files (67.0%)
2024-12-07 22:42:13,005 - INFO - Processed 41200/61310 files (67.2%)
2024-12-07 22:42:14,673 - INFO - Processed 41300/61310 files (67.4%)
2024-12-07 22:42:16,571 - INFO - Processed 41400/61310 files (67.5%)
2024-12-07 22:42:18,228 - INFO - Processed 41500/61310 files (67.7%)
2024-12-07 22:42:19,277 - INFO - Processed 41600/61310 files (67.9%)
2024-12-07 22:42:20,615 - INFO - Processed 41700/61310 files (68.0%)
2024-12-07 22:42:21,578 - INFO - Processed 41800/61310 files (68.2%)
2024-12-07 22:42:27,283 - INFO - Processed 41900/61310 files (68.3%)
2024-12-07 22:42:28,671 - INFO - Processed 42000/61310 files (68.5%)
2024-12-07 22:42:30,044 - INFO - Processed 42100/61310 files (68.7%)
2024-12-07 22:42:31,395 - INFO - Processed 42200/61310 files (68.8%)
2024-12-07 22:42:32,626 - INFO - Processed 42300/61310 files (69.0%)
2024-12-07 22:42:33,776 - INFO - Processed 42400/61310 files (69.2%)
2024-12-07 22:42:35,064 - INFO - Processed 42500/61310 files (69.3%)
2024-12-07 22:42:36,284 - INFO - Processed 42600/61310 files (69.5%)
2024-12-07 22:42:37,797 - INFO - Processed 42700/61310 files (69.6%)
2024-12-07 22:42:38,970 - INFO - Processed 42800/61310 files (69.8%)
2024-12-07 22:42:40,192 - INFO - Processed 42900/61310 files (70.0%)
2024-12-07 22:42:41,595 - INFO - Processed 43000/61310 files (70.1%)
2024-12-07 22:42:43,935 - INFO - Processed 43100/61310 files (70.3%)
2024-12-07 22:42:45,689 - INFO - Processed 43200/61310 files (70.5%)
2024-12-07 22:42:47,223 - INFO - Processed 43300/61310 files (70.6%)
2024-12-07 22:42:49,555 - INFO - Processed 43400/61310 files (70.8%)
2024-12-07 22:42:51,419 - INFO - Processed 43500/61310 files (71.0%)
2024-12-07 22:42:57,553 - INFO - Processed 43600/61310 files (71.1%)
2024-12-07 22:42:58,881 - INFO - Processed 43700/61310 files (71.3%)
2024-12-07 22:43:00,901 - INFO - Processed 43800/61310 files (71.4%)
2024-12-07 22:43:02,141 - INFO - Processed 43900/61310 files (71.6%)
2024-12-07 22:43:04,165 - INFO - Processed 44000/61310 files (71.8%)
2024-12-07 22:43:05,831 - INFO - Processed 44100/61310 files (71.9%)
2024-12-07 22:43:07,213 - INFO - Processed 44200/61310 files (72.1%)
2024-12-07 22:43:08,042 - INFO - Processed 44300/61310 files (72.3%)
2024-12-07 22:43:10,024 - INFO - Processed 44400/61310 files (72.4%)
2024-12-07 22:43:11,508 - INFO - Processed 44500/61310 files (72.6%)
2024-12-07 22:43:12,200 - INFO - Processed 44600/61310 files (72.7%)
2024-12-07 22:43:13,075 - INFO - Processed 44700/61310 files (72.9%)
2024-12-07 22:43:14,856 - INFO - Processed 44800/61310 files (73.1%)
2024-12-07 22:43:16,647 - INFO - Processed 44900/61310 files (73.2%)
2024-12-07 22:43:19,415 - INFO - Processed 45000/61310 files (73.4%)
2024-12-07 22:43:22,266 - INFO - Processed 45100/61310 files (73.6%)
2024-12-07 22:43:30,183 - INFO - Processed 45200/61310 files (73.7%)
2024-12-07 22:43:33,110 - INFO - Processed 45300/61310 files (73.9%)
2024-12-07 22:43:35,188 - INFO - Processed 45400/61310 files (74.0%)
2024-12-07 22:43:37,708 - INFO - Processed 45500/61310 files (74.2%)
2024-12-07 22:43:40,145 - INFO - Processed 45600/61310 files (74.4%)
2024-12-07 22:43:42,696 - INFO - Processed 45700/61310 files (74.5%)
2024-12-07 22:43:44,969 - INFO - Processed 45800/61310 files (74.7%)
2024-12-07 22:43:47,559 - INFO - Processed 45900/61310 files (74.9%)
2024-12-07 22:43:48,547 - INFO - Processed 46000/61310 files (75.0%)
2024-12-07 22:43:49,289 - INFO - Processed 46100/61310 files (75.2%)
2024-12-07 22:43:49,972 - INFO - Processed 46200/61310 files (75.4%)
2024-12-07 22:43:51,166 - INFO - Processed 46300/61310 files (75.5%)
2024-12-07 22:43:55,865 - INFO - Processed 46400/61310 files (75.7%)
2024-12-07 22:43:58,348 - INFO - Processed 46500/61310 files (75.8%)
2024-12-07 22:43:59,728 - INFO - Processed 46600/61310 files (76.0%)
2024-12-07 22:44:01,415 - INFO - Processed 46700/61310 files (76.2%)
2024-12-07 22:44:03,568 - INFO - Processed 46800/61310 files (76.3%)
2024-12-07 22:44:05,153 - INFO - Processed 46900/61310 files (76.5%)
2024-12-07 22:44:06,437 - INFO - Processed 47000/61310 files (76.7%)
2024-12-07 22:44:07,361 - INFO - Processed 47100/61310 files (76.8%)
2024-12-07 22:44:08,872 - INFO - Processed 47200/61310 files (77.0%)
2024-12-07 22:44:10,026 - INFO - Processed 47300/61310 files (77.1%)
2024-12-07 22:44:11,550 - INFO - Processed 47400/61310 files (77.3%)
2024-12-07 22:44:12,753 - INFO - Processed 47500/61310 files (77.5%)
2024-12-07 22:44:13,686 - INFO - Processed 47600/61310 files (77.6%)
2024-12-07 22:44:14,656 - INFO - Processed 47700/61310 files (77.8%)
2024-12-07 22:44:15,766 - INFO - Processed 47800/61310 files (78.0%)
2024-12-07 22:44:17,480 - INFO - Processed 47900/61310 files (78.1%)
2024-12-07 22:44:19,483 - INFO - Processed 48000/61310 files (78.3%)
2024-12-07 22:44:21,183 - INFO - Processed 48100/61310 files (78.5%)
2024-12-07 22:44:25,568 - INFO - Processed 48200/61310 files (78.6%)
2024-12-07 22:44:29,287 - INFO - Processed 48300/61310 files (78.8%)
2024-12-07 22:44:30,648 - INFO - Processed 48400/61310 files (78.9%)
2024-12-07 22:44:32,593 - INFO - Processed 48500/61310 files (79.1%)
2024-12-07 22:44:33,754 - INFO - Processed 48600/61310 files (79.3%)
2024-12-07 22:44:35,002 - INFO - Processed 48700/61310 files (79.4%)
2024-12-07 22:44:36,303 - INFO - Processed 48800/61310 files (79.6%)
2024-12-07 22:44:37,927 - INFO - Processed 48900/61310 files (79.8%)
2024-12-07 22:44:39,530 - INFO - Processed 49000/61310 files (79.9%)
2024-12-07 22:44:41,232 - INFO - Processed 49100/61310 files (80.1%)
2024-12-07 22:44:42,918 - INFO - Processed 49200/61310 files (80.2%)
2024-12-07 22:44:43,960 - INFO - Processed 49300/61310 files (80.4%)
2024-12-07 22:44:45,319 - INFO - Processed 49400/61310 files (80.6%)
2024-12-07 22:44:46,433 - INFO - Processed 49500/61310 files (80.7%)
2024-12-07 22:44:47,468 - INFO - Processed 49600/61310 files (80.9%)
2024-12-07 22:44:48,927 - INFO - Processed 49700/61310 files (81.1%)
2024-12-07 22:44:50,634 - INFO - Processed 49800/61310 files (81.2%)
2024-12-07 22:44:55,023 - INFO - Processed 49900/61310 files (81.4%)
2024-12-07 22:44:57,257 - INFO - Processed 50000/61310 files (81.6%)
2024-12-07 22:44:59,576 - INFO - Processed 50100/61310 files (81.7%)
2024-12-07 22:45:00,949 - INFO - Processed 50200/61310 files (81.9%)
2024-12-07 22:45:02,843 - INFO - Processed 50300/61310 files (82.0%)
2024-12-07 22:45:04,571 - INFO - Processed 50400/61310 files (82.2%)
2024-12-07 22:45:05,816 - INFO - Processed 50500/61310 files (82.4%)
2024-12-07 22:45:07,741 - INFO - Processed 50600/61310 files (82.5%)
2024-12-07 22:45:09,686 - INFO - Processed 50700/61310 files (82.7%)
2024-12-07 22:45:11,756 - INFO - Processed 50800/61310 files (82.9%)
2024-12-07 22:45:13,943 - INFO - Processed 50900/61310 files (83.0%)
2024-12-07 22:45:14,981 - INFO - Processed 51000/61310 files (83.2%)
2024-12-07 22:45:16,957 - INFO - Processed 51100/61310 files (83.3%)
2024-12-07 22:45:19,012 - INFO - Processed 51200/61310 files (83.5%)
2024-12-07 22:45:21,462 - INFO - Processed 51300/61310 files (83.7%)
2024-12-07 22:45:26,056 - INFO - Processed 51400/61310 files (83.8%)
2024-12-07 22:45:28,507 - INFO - Processed 51500/61310 files (84.0%)
2024-12-07 22:45:30,469 - INFO - Processed 51600/61310 files (84.2%)
2024-12-07 22:45:32,963 - INFO - Processed 51700/61310 files (84.3%)
2024-12-07 22:45:34,539 - INFO - Processed 51800/61310 files (84.5%)
2024-12-07 22:45:36,084 - INFO - Processed 51900/61310 files (84.7%)
2024-12-07 22:45:37,181 - INFO - Processed 52000/61310 files (84.8%)
2024-12-07 22:45:38,094 - INFO - Processed 52100/61310 files (85.0%)
2024-12-07 22:45:39,142 - INFO - Processed 52200/61310 files (85.1%)
2024-12-07 22:45:40,294 - INFO - Processed 52300/61310 files (85.3%)
2024-12-07 22:45:41,254 - INFO - Processed 52400/61310 files (85.5%)
2024-12-07 22:45:42,081 - INFO - Processed 52500/61310 files (85.6%)
2024-12-07 22:45:43,192 - INFO - Processed 52600/61310 files (85.8%)
2024-12-07 22:45:44,409 - INFO - Processed 52700/61310 files (86.0%)
2024-12-07 22:45:45,935 - INFO - Processed 52800/61310 files (86.1%)
2024-12-07 22:45:46,747 - INFO - Processed 52900/61310 files (86.3%)
2024-12-07 22:45:48,406 - INFO - Processed 53000/61310 files (86.4%)
2024-12-07 22:45:49,605 - INFO - Processed 53100/61310 files (86.6%)
2024-12-07 22:45:50,803 - INFO - Processed 53200/61310 files (86.8%)
2024-12-07 22:45:55,462 - INFO - Processed 53300/61310 files (86.9%)
2024-12-07 22:45:58,085 - INFO - Processed 53400/61310 files (87.1%)
2024-12-07 22:45:58,939 - INFO - Processed 53500/61310 files (87.3%)
2024-12-07 22:46:01,258 - INFO - Processed 53600/61310 files (87.4%)
2024-12-07 22:46:02,244 - INFO - Processed 53700/61310 files (87.6%)
2024-12-07 22:46:03,709 - INFO - Processed 53800/61310 files (87.8%)
2024-12-07 22:46:04,711 - INFO - Processed 53900/61310 files (87.9%)
2024-12-07 22:46:05,607 - INFO - Processed 54000/61310 files (88.1%)
2024-12-07 22:46:06,998 - INFO - Processed 54100/61310 files (88.2%)
2024-12-07 22:46:07,994 - INFO - Processed 54200/61310 files (88.4%)
2024-12-07 22:46:08,915 - INFO - Processed 54300/61310 files (88.6%)
2024-12-07 22:46:09,809 - INFO - Processed 54400/61310 files (88.7%)
2024-12-07 22:46:10,688 - INFO - Processed 54500/61310 files (88.9%)
2024-12-07 22:46:11,324 - INFO - Processed 54600/61310 files (89.1%)
2024-12-07 22:46:12,383 - INFO - Processed 54700/61310 files (89.2%)
2024-12-07 22:46:13,285 - INFO - Processed 54800/61310 files (89.4%)
2024-12-07 22:46:14,105 - INFO - Processed 54900/61310 files (89.5%)
2024-12-07 22:46:15,085 - INFO - Processed 55000/61310 files (89.7%)
2024-12-07 22:46:15,675 - INFO - Processed 55100/61310 files (89.9%)
2024-12-07 22:46:16,942 - INFO - Processed 55200/61310 files (90.0%)
2024-12-07 22:46:17,915 - INFO - Processed 55300/61310 files (90.2%)
2024-12-07 22:46:18,995 - INFO - Processed 55400/61310 files (90.4%)
2024-12-07 22:46:20,002 - INFO - Processed 55500/61310 files (90.5%)
2024-12-07 22:46:21,490 - INFO - Processed 55600/61310 files (90.7%)
2024-12-07 22:46:25,613 - INFO - Processed 55700/61310 files (90.8%)
2024-12-07 22:46:29,113 - INFO - Processed 55800/61310 files (91.0%)
2024-12-07 22:46:31,893 - INFO - Processed 55900/61310 files (91.2%)
2024-12-07 22:46:32,550 - INFO - Processed 56000/61310 files (91.3%)
2024-12-07 22:46:33,346 - INFO - Processed 56100/61310 files (91.5%)
2024-12-07 22:46:34,773 - INFO - Processed 56200/61310 files (91.7%)
2024-12-07 22:46:36,006 - INFO - Processed 56300/61310 files (91.8%)
2024-12-07 22:46:37,101 - INFO - Processed 56400/61310 files (92.0%)
2024-12-07 22:46:37,986 - INFO - Processed 56500/61310 files (92.2%)
2024-12-07 22:46:39,035 - INFO - Processed 56600/61310 files (92.3%)
2024-12-07 22:46:40,017 - INFO - Processed 56700/61310 files (92.5%)
2024-12-07 22:46:41,152 - INFO - Processed 56800/61310 files (92.6%)
2024-12-07 22:46:42,457 - INFO - Processed 56900/61310 files (92.8%)
2024-12-07 22:46:43,482 - INFO - Processed 57000/61310 files (93.0%)
2024-12-07 22:46:44,513 - INFO - Processed 57100/61310 files (93.1%)
2024-12-07 22:46:45,230 - INFO - Processed 57200/61310 files (93.3%)
2024-12-07 22:46:46,187 - INFO - Processed 57300/61310 files (93.5%)
2024-12-07 22:46:47,037 - INFO - Processed 57400/61310 files (93.6%)
2024-12-07 22:46:47,856 - INFO - Processed 57500/61310 files (93.8%)
2024-12-07 22:46:49,277 - INFO - Processed 57600/61310 files (93.9%)
2024-12-07 22:46:50,616 - INFO - Processed 57700/61310 files (94.1%)
2024-12-07 22:46:51,656 - INFO - Processed 57800/61310 files (94.3%)
2024-12-07 22:46:55,856 - INFO - Processed 57900/61310 files (94.4%)
2024-12-07 22:46:59,412 - INFO - Processed 58000/61310 files (94.6%)
2024-12-07 22:47:00,329 - INFO - Processed 58100/61310 files (94.8%)
2024-12-07 22:47:01,005 - INFO - Processed 58200/61310 files (94.9%)
2024-12-07 22:47:03,633 - INFO - Processed 58300/61310 files (95.1%)
2024-12-07 22:47:05,227 - INFO - Processed 58400/61310 files (95.3%)
2024-12-07 22:47:06,299 - INFO - Processed 58500/61310 files (95.4%)
2024-12-07 22:47:07,731 - INFO - Processed 58600/61310 files (95.6%)
2024-12-07 22:47:09,047 - INFO - Processed 58700/61310 files (95.7%)
2024-12-07 22:47:10,150 - INFO - Processed 58800/61310 files (95.9%)
2024-12-07 22:47:11,468 - INFO - Processed 58900/61310 files (96.1%)
2024-12-07 22:47:12,713 - INFO - Processed 59000/61310 files (96.2%)
2024-12-07 22:47:13,393 - INFO - Processed 59100/61310 files (96.4%)
2024-12-07 22:47:14,130 - INFO - Processed 59200/61310 files (96.6%)
2024-12-07 22:47:14,795 - INFO - Processed 59300/61310 files (96.7%)
2024-12-07 22:47:16,083 - INFO - Processed 59400/61310 files (96.9%)
2024-12-07 22:47:16,633 - INFO - Processed 59500/61310 files (97.0%)
2024-12-07 22:47:17,506 - INFO - Processed 59600/61310 files (97.2%)
2024-12-07 22:47:18,038 - INFO - Processed 59700/61310 files (97.4%)
2024-12-07 22:47:18,892 - INFO - Processed 59800/61310 files (97.5%)
2024-12-07 22:47:19,513 - INFO - Processed 59900/61310 files (97.7%)
2024-12-07 22:47:20,285 - INFO - Processed 60000/61310 files (97.9%)
2024-12-07 22:47:21,061 - INFO - Processed 60100/61310 files (98.0%)
2024-12-07 22:47:24,227 - INFO - Processed 60200/61310 files (98.2%)
2024-12-07 22:47:26,571 - INFO - Processed 60300/61310 files (98.4%)
2024-12-07 22:47:27,826 - INFO - Processed 60400/61310 files (98.5%)
2024-12-07 22:47:32,585 - INFO - Processed 60500/61310 files (98.7%)
2024-12-07 22:47:33,486 - INFO - Processed 60600/61310 files (98.8%)
2024-12-07 22:47:34,204 - INFO - Processed 60700/61310 files (99.0%)
2024-12-07 22:47:35,650 - INFO - Processed 60800/61310 files (99.2%)
2024-12-07 22:47:37,511 - INFO - Processed 60900/61310 files (99.3%)
2024-12-07 22:47:38,301 - INFO - Processed 61000/61310 files (99.5%)
2024-12-07 22:47:39,870 - INFO - Processed 61100/61310 files (99.7%)
2024-12-07 22:47:40,992 - INFO - Processed 61200/61310 files (99.8%)
2024-12-07 22:47:41,957 - INFO - Processed 61300/61310 files (100.0%)
2024-12-07 22:47:41,996 - INFO - Processing complete. Processed 61310 files with 0 errors.
2024-12-07 22:47:42,042 - INFO - Import process completed
